{
  message: 'test',
  level: 'error',
  label: 'error',
  timestamp: '2022-08-20T14:35:39.135Z'
}
{
  message: 'test',
  level: 'error',
  label: 'error',
  timestamp: '2022-08-20T15:33:56.191Z'
}
{
  message: 'test',
  level: 'error',
  label: 'error',
  timestamp: '2022-08-20T15:34:16.583Z'
}
{
  message: 'test',
  level: 'error',
  label: 'error',
  timestamp: '2022-08-20T15:34:25.851Z'
}
{
  message: 'test',
  level: 'error',
  label: 'error',
  timestamp: '2022-08-20T16:27:30.016Z'
}
{
  message: 'test',
  level: 'error',
  label: 'error',
  timestamp: '2022-08-20T16:27:31.462Z'
}
{
  message: 'test',
  level: 'error',
  label: 'error',
  timestamp: '2022-08-20T16:28:00.190Z'
}
{
  message: 'test',
  level: 'error',
  label: 'error',
  timestamp: '2022-08-20T16:28:01.523Z'
}
{
  message: 'test',
  level: 'error',
  label: 'error',
  timestamp: '2022-08-20T16:28:26.766Z'
}
{
  message: 'test',
  level: 'error',
  label: 'error',
  timestamp: '2022-08-20T16:28:27.982Z'
}
{
  message: 'test',
  level: 'error',
  label: 'error',
  timestamp: '2022-08-20T16:28:44.709Z'
}
{
  message: 'test',
  level: 'error',
  label: 'error',
  timestamp: '2022-08-20T16:28:45.918Z'
}
{
  message: 'test',
  level: 'error',
  label: 'error',
  timestamp: '2022-08-20T16:28:47.206Z'
}
{
  message: 'test',
  level: 'error',
  label: 'error',
  timestamp: '2022-08-20T16:28:48.320Z'
}
{
  message: 'test',
  level: 'error',
  label: 'error',
  timestamp: '2022-08-20T16:28:58.698Z'
}
{
  message: 'test',
  level: 'error',
  label: 'error',
  timestamp: '2022-08-20T16:28:59.928Z'
}
